Flutter crash report.
Please report a bug at https://github.com/flutter/flutter/issues.

## command

flutter --no-color run --machine --device-id=BISONPRO2120005689 --start-paused lib\main.dart

## exception

SocketException: SocketException: Write failed (OS Error: The pipe is being closed.
, errno = 232), port = 0

```
#0      _NativeSocket.write (dart:io-patch/socket_patch.dart:1190:34)
#1      _RawSocket.write (dart:io-patch/socket_patch.dart:1906:15)
#2      _Socket._write (dart:io-patch/socket_patch.dart:2346:18)
#3      _SocketStreamConsumer.write (dart:io-patch/socket_patch.dart:2094:26)
#4      _SocketStreamConsumer.addStream.<anonymous closure> (dart:io-patch/socket_patch.dart:2068:11)
#5      _rootRunUnary (dart:async/zone.dart:1434:47)
#6      _CustomZone.runUnary (dart:async/zone.dart:1335:19)
#7      _CustomZone.runUnaryGuarded (dart:async/zone.dart:1244:7)
#8      _BufferingStreamSubscription._sendData (dart:async/stream_impl.dart:341:11)
#9      _BufferingStreamSubscription._add (dart:async/stream_impl.dart:271:7)
#10     _SyncStreamControllerDispatch._sendData (dart:async/stream_controller.dart:774:19)
#11     _StreamController._add (dart:async/stream_controller.dart:648:7)
#12     _StreamController.add (dart:async/stream_controller.dart:596:5)
#13     _StreamSinkImpl.add (dart:io/io_sink.dart:136:17)
#14     _IOSinkImpl.write (dart:io/io_sink.dart:269:5)
#15     _IOSinkImpl.writeln (dart:io/io_sink.dart:289:5)
#16     _Socket.writeln (dart:io-patch/socket_patch.dart:2186:45)
#17     _StdSink.writeln (dart:io/stdio.dart:319:11)
#18     DefaultResidentCompiler._compile (package:flutter_tools/src/compile.dart:788:20)
<asynchronous suspension>
#19     _CompilationRequest.run (package:flutter_tools/src/compile.dart:345:24)
<asynchronous suspension>
#20     DefaultResidentCompiler._handleCompilationRequest (package:flutter_tools/src/compile.dart:694:9)
<asynchronous suspension>
```

## flutter doctor

```
[✓] Flutter (Channel unknown, 2.10.3, on Microsoft Windows [Version 10.0.22000.527], locale en-NG)
    • Flutter version 2.10.3 at C:\flutter
    • Upstream repository unknown
    • Framework revision 7e9793dee1 (4 months ago), 2022-03-02 11:23:12 -0600
    • Engine revision bd539267b4
    • Dart version 2.16.1
    • DevTools version 2.9.2

[!] Android toolchain - develop for Android devices (Android SDK version 32.1.0-rc1)
    • Android SDK at C:\Users\Ericfranzee\AppData\Local\Android\sdk
    • Platform android-32, build-tools 32.1.0-rc1
    • Java binary at: C:\Program Files\Android\Android Studio\jre\bin\java
    • Java version OpenJDK Runtime Environment (build 11.0.8+10-b944.6842174)
    ✗ Android license status unknown.
      Run `flutter doctor --android-licenses` to accept the SDK licenses.
      See https://flutter.dev/docs/get-started/install/windows#android-setup for more details.

[✓] Chrome - develop for the web
    • Chrome at C:\Program Files\Google\Chrome\Application\chrome.exe

[✗] Visual Studio - develop for Windows
    ✗ Visual Studio not installed; this is necessary for Windows development.
      Download at https://visualstudio.microsoft.com/downloads/.
      Please install the "Desktop development with C++" workload, including all of its default components

[✓] Android Studio (version 4.2)
    • Android Studio at C:\Program Files\Android\Android Studio
    • Flutter plugin can be installed from:
      🔨 https://plugins.jetbrains.com/plugin/9212-flutter
    • Dart plugin can be installed from:
      🔨 https://plugins.jetbrains.com/plugin/6351-dart
    • Java version OpenJDK Runtime Environment (build 11.0.8+10-b944.6842174)

[✓] VS Code (version 1.68.1)
    • VS Code at C:\Users\Ericfranzee\AppData\Local\Programs\Microsoft VS Code
    • Flutter extension version 3.44.0

[✓] Connected device (4 available)
    • BISON Pro (mobile) • BISONPRO2120005689 • android-arm64  • Android 11 (API 30)
    • Windows (desktop)  • windows            • windows-x64    • Microsoft Windows [Version 10.0.22000.527]
    • Chrome (web)       • chrome             • web-javascript • Google Chrome 103.0.5060.114
    • Edge (web)         • edge               • web-javascript • Microsoft Edge 97.0.1072.55

[✓] HTTP Host Availability
    • All required HTTP hosts are available

! Doctor found issues in 2 categories.
```
